# JRE version: OpenJDK Runtime Environment (8.0_242-b01) (build 1.8.0_242-release-1644-b01)
# Java VM: OpenJDK 64-Bit Server VM (25.242-b01 mixed mode windows-amd64 compressed oops)
Heap:
 PSYoungGen      total 602624K, used 529729K [0x00000000d5580000, 0x00000000ffa80000, 0x0000000100000000)
  eden space 516096K, 100% used [0x00000000d5580000,0x00000000f4d80000,0x00000000f4d80000)
  from space 86528K, 15% used [0x00000000f4d80000,0x00000000f5ad05e8,0x00000000fa200000)
  to   space 83968K, 0% used [0x00000000fa880000,0x00000000fa880000,0x00000000ffa80000)
 ParOldGen       total 412672K, used 144521K [0x0000000080000000, 0x0000000099300000, 0x00000000d5580000)
  object space 412672K, 35% used [0x0000000080000000,0x0000000088d227a8,0x0000000099300000)
 Metaspace       used 113420K, capacity 118072K, committed 119320K, reserved 1153024K
  class space    used 14164K, capacity 15041K, committed 15408K, reserved 1048576K
GC Heap History (10 events):
Event: 6003.870 GC heap before
{Heap before GC invocations=44 (full 4):
 PSYoungGen      total 570880K, used 570519K [0x00000000d5580000, 0x0000000100000000, 0x0000000100000000)
  eden space 516608K, 100% used [0x00000000d5580000,0x00000000f4e00000,0x00000000f4e00000)
  from space 54272K, 99% used [0x00000000f4e00000,0x00000000f82a5ca8,0x00000000f8300000)
  to   space 93184K, 0% used [0x00000000fa500000,0x00000000fa500000,0x0000000100000000)
 ParOldGen       total 252928K, used 182348K [0x0000000080000000, 0x000000008f700000, 0x00000000d5580000)
  object space 252928K, 72% used [0x0000000080000000,0x000000008b213398,0x000000008f700000)
 Metaspace       used 111034K, capacity 115710K, committed 117016K, reserved 1150976K
  class space    used 13939K, capacity 14814K, committed 15152K, reserved 1048576K
Event: 6003.919 GC heap after
Heap after GC invocations=44 (full 4):
 PSYoungGen      total 608768K, used 42621K [0x00000000d5580000, 0x0000000100000000, 0x0000000100000000)
  eden space 515584K, 0% used [0x00000000d5580000,0x00000000d5580000,0x00000000f4d00000)
  from space 93184K, 45% used [0x00000000fa500000,0x00000000fce9f758,0x0000000100000000)
  to   space 90112K, 0% used [0x00000000f4d00000,0x00000000f4d00000,0x00000000fa500000)
 ParOldGen       total 252928K, used 203435K [0x0000000080000000, 0x000000008f700000, 0x00000000d5580000)
  object space 252928K, 80% used [0x0000000080000000,0x000000008c6aac10,0x000000008f700000)
 Metaspace       used 111034K, capacity 115710K, committed 117016K, reserved 1150976K
  class space    used 13939K, capacity 14814K, committed 15152K, reserved 1048576K
}
Event: 6004.375 GC heap before
{Heap before GC invocations=45 (full 4):
 PSYoungGen      total 608768K, used 558205K [0x00000000d5580000, 0x0000000100000000, 0x0000000100000000)
  eden space 515584K, 100% used [0x00000000d5580000,0x00000000f4d00000,0x00000000f4d00000)
  from space 93184K, 45% used [0x00000000fa500000,0x00000000fce9f758,0x0000000100000000)
  to   space 90112K, 0% used [0x00000000f4d00000,0x00000000f4d00000,0x00000000fa500000)
 ParOldGen       total 252928K, used 203435K [0x0000000080000000, 0x000000008f700000, 0x00000000d5580000)
  object space 252928K, 80% used [0x0000000080000000,0x000000008c6aac10,0x000000008f700000)
 Metaspace       used 111568K, capacity 116232K, committed 117272K, reserved 1150976K
  class space    used 13983K, capacity 14879K, committed 15152K, reserved 1048576K
Event: 6004.404 GC heap after
Heap after GC invocations=45 (full 4):
 PSYoungGen      total 538112K, used 22394K [0x00000000d5580000, 0x00000000ff700000, 0x0000000100000000)
  eden space 515584K, 0% used [0x00000000d5580000,0x00000000d5580000,0x00000000f4d00000)
  from space 22528K, 99% used [0x00000000f4d00000,0x00000000f62debe0,0x00000000f6300000)
  to   space 87040K, 0% used [0x00000000fa200000,0x00000000fa200000,0x00000000ff700000)
 ParOldGen       total 252928K, used 227197K [0x0000000080000000, 0x000000008f700000, 0x00000000d5580000)
  object space 252928K, 89% used [0x0000000080000000,0x000000008dddf5f0,0x000000008f700000)
 Metaspace       used 111568K, capacity 116232K, committed 117272K, reserved 1150976K
  class space    used 13983K, capacity 14879K, committed 15152K, reserved 1048576K
}
Event: 6004.404 GC heap before
{Heap before GC invocations=46 (full 5):
 PSYoungGen      total 538112K, used 22394K [0x00000000d5580000, 0x00000000ff700000, 0x0000000100000000)
  eden space 515584K, 0% used [0x00000000d5580000,0x00000000d5580000,0x00000000f4d00000)
  from space 22528K, 99% used [0x00000000f4d00000,0x00000000f62debe0,0x00000000f6300000)
  to   space 87040K, 0% used [0x00000000fa200000,0x00000000fa200000,0x00000000ff700000)
 ParOldGen       total 252928K, used 227197K [0x0000000080000000, 0x000000008f700000, 0x00000000d5580000)
  object space 252928K, 89% used [0x0000000080000000,0x000000008dddf5f0,0x000000008f700000)
 Metaspace       used 111568K, capacity 116232K, committed 117272K, reserved 1150976K
  class space    used 13983K, capacity 14879K, committed 15152K, reserved 1048576K
Event: 6004.806 GC heap after
Heap after GC invocations=46 (full 5):
 PSYoungGen      total 538112K, used 0K [0x00000000d5580000, 0x00000000ff700000, 0x0000000100000000)
  eden space 515584K, 0% used [0x00000000d5580000,0x00000000d5580000,0x00000000f4d00000)
  from space 22528K, 0% used [0x00000000f4d00000,0x00000000f4d00000,0x00000000f6300000)
  to   space 87040K, 0% used [0x00000000fa200000,0x00000000fa200000,0x00000000ff700000)
 ParOldGen       total 412672K, used 140134K [0x0000000080000000, 0x0000000099300000, 0x00000000d5580000)
  object space 412672K, 33% used [0x0000000080000000,0x00000000888d9860,0x0000000099300000)
 Metaspace       used 111434K, capacity 115990K, committed 117272K, reserved 1150976K
  class space    used 13960K, capacity 14836K, committed 15152K, reserved 1048576K
}
Event: 6005.256 GC heap before
{Heap before GC invocations=47 (full 5):
 PSYoungGen      total 538112K, used 515584K [0x00000000d5580000, 0x00000000ff700000, 0x0000000100000000)
  eden space 515584K, 100% used [0x00000000d5580000,0x00000000f4d00000,0x00000000f4d00000)
  from space 22528K, 0% used [0x00000000f4d00000,0x00000000f4d00000,0x00000000f6300000)
  to   space 87040K, 0% used [0x00000000fa200000,0x00000000fa200000,0x00000000ff700000)
 ParOldGen       total 412672K, used 140134K [0x0000000080000000, 0x0000000099300000, 0x00000000d5580000)
  object space 412672K, 33% used [0x0000000080000000,0x00000000888d9860,0x0000000099300000)
 Metaspace       used 111823K, capacity 116418K, committed 117912K, reserved 1153024K
  class space    used 14000K, capacity 14876K, committed 15280K, reserved 1048576K
Event: 6005.273 GC heap after
Heap after GC invocations=47 (full 5):
 PSYoungGen      total 603136K, used 7671K [0x00000000d5580000, 0x0000000100000000, 0x0000000100000000)
  eden space 516096K, 0% used [0x00000000d5580000,0x00000000d5580000,0x00000000f4d80000)
  from space 87040K, 8% used [0x00000000fa200000,0x00000000fa97de48,0x00000000ff700000)
  to   space 86528K, 0% used [0x00000000f4d80000,0x00000000f4d80000,0x00000000fa200000)
 ParOldGen       total 412672K, used 140134K [0x0000000080000000, 0x0000000099300000, 0x00000000d5580000)
  object space 412672K, 33% used [0x0000000080000000,0x00000000888d9860,0x0000000099300000)
 Metaspace       used 111823K, capacity 116418K, committed 117912K, reserved 1153024K
  class space    used 14000K, capacity 14876K, committed 15280K, reserved 1048576K
}
Event: 6005.776 GC heap before
{Heap before GC invocations=48 (full 5):
 PSYoungGen      total 603136K, used 523767K [0x00000000d5580000, 0x0000000100000000, 0x0000000100000000)
  eden space 516096K, 100% used [0x00000000d5580000,0x00000000f4d80000,0x00000000f4d80000)
  from space 87040K, 8% used [0x00000000fa200000,0x00000000fa97de48,0x00000000ff700000)
  to   space 86528K, 0% used [0x00000000f4d80000,0x00000000f4d80000,0x00000000fa200000)
 ParOldGen       total 412672K, used 140134K [0x0000000080000000, 0x0000000099300000, 0x00000000d5580000)
  object space 412672K, 33% used [0x0000000080000000,0x00000000888d9860,0x0000000099300000)
 Metaspace       used 112424K, capacity 117050K, committed 118424K, reserved 1153024K
  class space    used 14046K, capacity 14912K, committed 15280K, reserved 1048576K
Event: 6005.790 GC heap after
Heap after GC invocations=48 (full 5):
 PSYoungGen      total 602624K, used 13633K [0x00000000d5580000, 0x00000000ffa80000, 0x0000000100000000)
  eden space 516096K, 0% used [0x00000000d5580000,0x00000000d5580000,0x00000000f4d80000)
  from space 86528K, 15% used [0x00000000f4d80000,0x00000000f5ad05e8,0x00000000fa200000)
  to   space 83968K, 0% used [0x00000000fa880000,0x00000000fa880000,0x00000000ffa80000)
 ParOldGen       total 412672K, used 144521K [0x0000000080000000, 0x0000000099300000, 0x00000000d5580000)
  object space 412672K, 35% used [0x0000000080000000,0x0000000088d227a8,0x0000000099300000)
 Metaspace       used 112424K, capacity 117050K, committed 118424K, reserved 1153024K
  class space    used 14046K, capacity 14912K, committed 15280K, reserved 1048576K
}

